c:\users\akeina\desktop\tutorials\plugins\networking-enet\x64\debug\networking-enet.pdb
c:\users\akeina\desktop\tutorials\plugins\networking-enet\x64\debug\networking-enet.idb
c:\users\akeina\desktop\tutorials\plugins\networking-enet\x64\debug\win32.obj
c:\users\akeina\desktop\tutorials\plugins\networking-enet\x64\debug\protocol.obj
c:\users\akeina\desktop\tutorials\plugins\networking-enet\x64\debug\peer.obj
c:\users\akeina\desktop\tutorials\plugins\networking-enet\x64\debug\packet.obj
c:\users\akeina\desktop\tutorials\plugins\networking-enet\x64\debug\list.obj
c:\users\akeina\desktop\tutorials\plugins\networking-enet\x64\debug\host.obj
c:\users\akeina\desktop\tutorials\plugins\networking-enet\x64\debug\compress.obj
c:\users\akeina\desktop\tutorials\plugins\networking-enet\x64\debug\callbacks.obj
c:\users\akeina\desktop\tutorials - copy\plugins\networking-enet\x64\debug\networking-enet.pdb
c:\users\akeina\desktop\tutorials - copy\plugins\networking-enet\x64\debug\networking-enet.idb
c:\users\akeina\desktop\tutorials - copy\plugins\networking-enet\x64\debug\win32.obj
c:\users\akeina\desktop\tutorials - copy\plugins\networking-enet\x64\debug\protocol.obj
c:\users\akeina\desktop\tutorials - copy\plugins\networking-enet\x64\debug\peer.obj
c:\users\akeina\desktop\tutorials - copy\plugins\networking-enet\x64\debug\packet.obj
c:\users\akeina\desktop\tutorials - copy\plugins\networking-enet\x64\debug\list.obj
c:\users\akeina\desktop\tutorials - copy\plugins\networking-enet\x64\debug\host.obj
c:\users\akeina\desktop\tutorials - copy\plugins\networking-enet\x64\debug\compress.obj
c:\users\akeina\desktop\tutorials - copy\plugins\networking-enet\x64\debug\callbacks.obj
c:\users\akeina\desktop\tutorials\x64\debug\networking-enet.lib
c:\users\akeina\desktop\tutorials - copy\x64\debug\networking-enet.lib
c:\users\akeina\desktop\tutorials - copy\plugins\networking-enet\x64\debug\networking-enet.tlog\cl.command.1.tlog
c:\users\akeina\desktop\tutorials - copy\plugins\networking-enet\x64\debug\networking-enet.tlog\cl.read.1.tlog
c:\users\akeina\desktop\tutorials - copy\plugins\networking-enet\x64\debug\networking-enet.tlog\cl.write.1.tlog
c:\users\akeina\desktop\tutorials - copy\plugins\networking-enet\x64\debug\networking-enet.tlog\lib-link.read.1.tlog
c:\users\akeina\desktop\tutorials - copy\plugins\networking-enet\x64\debug\networking-enet.tlog\lib-link.write.1.tlog
c:\users\akeina\desktop\tutorials - copy\plugins\networking-enet\x64\debug\networking-enet.tlog\lib.command.1.tlog
