c:\users\akeina\desktop\tutorials\csc8503\csc8503common\x64\debug\csc8503common.pdb
c:\users\akeina\desktop\tutorials\csc8503\csc8503common\x64\debug\csc8503common.idb
c:\users\akeina\desktop\tutorials\csc8503\csc8503common\x64\debug\transform.obj
c:\users\akeina\desktop\tutorials\csc8503\csc8503common\x64\debug\statetransition.obj
c:\users\akeina\desktop\tutorials\csc8503\csc8503common\x64\debug\statemachine.obj
c:\users\akeina\desktop\tutorials\csc8503\csc8503common\x64\debug\renderobject.obj
c:\users\akeina\desktop\tutorials\csc8503\csc8503common\x64\debug\pushdownstate.obj
c:\users\akeina\desktop\tutorials\csc8503\csc8503common\x64\debug\pushdownmachine.obj
c:\users\akeina\desktop\tutorials\csc8503\csc8503common\x64\debug\physicssystem.obj
c:\users\akeina\desktop\tutorials\csc8503\csc8503common\x64\debug\physicsobject.obj
c:\users\akeina\desktop\tutorials\csc8503\csc8503common\x64\debug\navigationmesh.obj
c:\users\akeina\desktop\tutorials\csc8503\csc8503common\x64\debug\navigationgrid.obj
c:\users\akeina\desktop\tutorials\csc8503\csc8503common\x64\debug\gameworld.obj
c:\users\akeina\desktop\tutorials\csc8503\csc8503common\x64\debug\gameobject.obj
c:\users\akeina\desktop\tutorials\csc8503\csc8503common\x64\debug\debug.obj
c:\users\akeina\desktop\tutorials\csc8503\csc8503common\x64\debug\collisiondetection.obj
c:\users\akeina\desktop\tutorials\csc8503\csc8503common\x64\debug\behaviournodewithchildren.obj
c:\users\akeina\desktop\tutorials - copy\csc8503\csc8503common\x64\debug\csc8503common.pdb
c:\users\akeina\desktop\tutorials - copy\csc8503\csc8503common\x64\debug\csc8503common.idb
c:\users\akeina\desktop\tutorials - copy\csc8503\csc8503common\x64\debug\transform.obj
c:\users\akeina\desktop\tutorials - copy\csc8503\csc8503common\x64\debug\statetransition.obj
c:\users\akeina\desktop\tutorials - copy\csc8503\csc8503common\x64\debug\statemachine.obj
c:\users\akeina\desktop\tutorials - copy\csc8503\csc8503common\x64\debug\renderobject.obj
c:\users\akeina\desktop\tutorials - copy\csc8503\csc8503common\x64\debug\pushdownstate.obj
c:\users\akeina\desktop\tutorials - copy\csc8503\csc8503common\x64\debug\pushdownmachine.obj
c:\users\akeina\desktop\tutorials - copy\csc8503\csc8503common\x64\debug\physicssystem.obj
c:\users\akeina\desktop\tutorials - copy\csc8503\csc8503common\x64\debug\physicsobject.obj
c:\users\akeina\desktop\tutorials - copy\csc8503\csc8503common\x64\debug\navigationmesh.obj
c:\users\akeina\desktop\tutorials - copy\csc8503\csc8503common\x64\debug\navigationgrid.obj
c:\users\akeina\desktop\tutorials - copy\csc8503\csc8503common\x64\debug\gameworld.obj
c:\users\akeina\desktop\tutorials - copy\csc8503\csc8503common\x64\debug\gameobject.obj
c:\users\akeina\desktop\tutorials - copy\csc8503\csc8503common\x64\debug\debug.obj
c:\users\akeina\desktop\tutorials - copy\csc8503\csc8503common\x64\debug\collisiondetection.obj
c:\users\akeina\desktop\tutorials - copy\csc8503\csc8503common\x64\debug\behaviournodewithchildren.obj
c:\users\akeina\desktop\tutorials\x64\debug\csc8503common.lib
c:\users\akeina\desktop\tutorials - copy\x64\debug\csc8503common.lib
c:\users\akeina\desktop\tutorials - copy\csc8503\csc8503common\x64\debug\quadtree.obj
c:\users\akeina\desktop\tutorials - copy\csc8503\csc8503common\x64\debug\csc8503common.tlog\cl.command.1.tlog
c:\users\akeina\desktop\tutorials - copy\csc8503\csc8503common\x64\debug\csc8503common.tlog\cl.read.1.tlog
c:\users\akeina\desktop\tutorials - copy\csc8503\csc8503common\x64\debug\csc8503common.tlog\cl.write.1.tlog
c:\users\akeina\desktop\tutorials - copy\csc8503\csc8503common\x64\debug\csc8503common.tlog\lib-link.read.1.tlog
c:\users\akeina\desktop\tutorials - copy\csc8503\csc8503common\x64\debug\csc8503common.tlog\lib-link.write.1.tlog
c:\users\akeina\desktop\tutorials - copy\csc8503\csc8503common\x64\debug\csc8503common.tlog\lib.command.1.tlog
