c:\users\akeina\desktop\coursework\csc8503\csc8503common\x64\release\csc8503common.pdb
c:\users\akeina\desktop\coursework\csc8503\csc8503common\x64\release\transform.obj
c:\users\akeina\desktop\coursework\csc8503\csc8503common\x64\release\statemachine.obj
c:\users\akeina\desktop\coursework\csc8503\csc8503common\x64\release\renderobject.obj
c:\users\akeina\desktop\coursework\csc8503\csc8503common\x64\release\pushdownmachine.obj
c:\users\akeina\desktop\coursework\csc8503\csc8503common\x64\release\physicssystem.obj
c:\users\akeina\desktop\coursework\csc8503\csc8503common\x64\release\physicsobject.obj
c:\users\akeina\desktop\coursework\csc8503\csc8503common\x64\release\navigationmesh.obj
c:\users\akeina\desktop\coursework\csc8503\csc8503common\x64\release\navigationgrid.obj
c:\users\akeina\desktop\coursework\csc8503\csc8503common\x64\release\gameworld.obj
c:\users\akeina\desktop\coursework\csc8503\csc8503common\x64\release\gameobject.obj
c:\users\akeina\desktop\coursework\csc8503\csc8503common\x64\release\debug.obj
c:\users\akeina\desktop\coursework\csc8503\csc8503common\x64\release\collisiondetection.obj
c:\users\akeina\desktop\coursework\csc8503\csc8503common\x64\release\behaviournodewithchildren.obj
c:\users\akeina\desktop\coursework\x64\release\csc8503common.lib
c:\users\akeina\desktop\coursework\csc8503\csc8503common\x64\release\csc8503common.tlog\cl.command.1.tlog
c:\users\akeina\desktop\coursework\csc8503\csc8503common\x64\release\csc8503common.tlog\cl.read.1.tlog
c:\users\akeina\desktop\coursework\csc8503\csc8503common\x64\release\csc8503common.tlog\cl.write.1.tlog
c:\users\akeina\desktop\coursework\csc8503\csc8503common\x64\release\csc8503common.tlog\lib-link.read.1.tlog
c:\users\akeina\desktop\coursework\csc8503\csc8503common\x64\release\csc8503common.tlog\lib-link.write.1.tlog
c:\users\akeina\desktop\coursework\csc8503\csc8503common\x64\release\csc8503common.tlog\lib.command.1.tlog
