  TutorialGame.cpp
C:\Users\Akeina\Desktop\Coursework\CSC8503\GameTech\TutorialGame.cpp(149,61): warning C4305: 'argument': truncation from 'double' to 'float'
C:\Users\Akeina\Desktop\Coursework\CSC8503\GameTech\TutorialGame.cpp(180,66): warning C4305: 'argument': truncation from 'double' to 'float'
C:\Users\Akeina\Desktop\Coursework\CSC8503\GameTech\TutorialGame.cpp(181,64): warning C4305: 'argument': truncation from 'double' to 'float'
C:\Users\Akeina\Desktop\Coursework\CSC8503\GameTech\TutorialGame.cpp(583,63): warning C4244: 'argument': conversion from 'double' to 'float', possible loss of data
C:\Users\Akeina\Desktop\Coursework\CSC8503\GameTech\TutorialGame.cpp(709,63): warning C4305: 'argument': truncation from 'double' to 'float'
C:\Users\Akeina\Desktop\Coursework\CSC8503\GameTech\TutorialGame.cpp(710,66): warning C4305: 'argument': truncation from 'double' to 'float'
C:\Users\Akeina\Desktop\Coursework\CSC8503\GameTech\TutorialGame.cpp(739,59): warning C4305: 'argument': truncation from 'double' to 'float'
C:\Users\Akeina\Desktop\Coursework\CSC8503\GameTech\TutorialGame.cpp(740,62): warning C4305: 'argument': truncation from 'double' to 'float'
C:\Users\Akeina\Desktop\Coursework\CSC8503\GameTech\TutorialGame.cpp(764,59): warning C4305: 'argument': truncation from 'double' to 'float'
C:\Users\Akeina\Desktop\Coursework\CSC8503\GameTech\TutorialGame.cpp(765,62): warning C4305: 'argument': truncation from 'double' to 'float'
C:\Users\Akeina\Desktop\Coursework\CSC8503\GameTech\TutorialGame.cpp(790,59): warning C4305: 'argument': truncation from 'double' to 'float'
C:\Users\Akeina\Desktop\Coursework\CSC8503\GameTech\TutorialGame.cpp(791,62): warning C4305: 'argument': truncation from 'double' to 'float'
C:\Users\Akeina\Desktop\Coursework\CSC8503\GameTech\TutorialGame.cpp(837,71): warning C4305: 'argument': truncation from 'double' to 'float'
C:\Users\Akeina\Desktop\Coursework\CSC8503\GameTech\TutorialGame.cpp(910,43): warning C4244: 'argument': conversion from 'int' to 'float', possible loss of data
  Generating code
  5 of 3298 functions ( 0.2%) were compiled, the rest were copied from previous compilation.
    0 functions were new in current compilation
    9 functions had inline decision re-evaluated but remain unchanged
  Finished generating code
  GameTech.vcxproj -> C:\Users\Akeina\Desktop\Coursework\x64\Release\GameTech.exe
