  Assets.cpp
  Camera.cpp
  GameTimer.cpp
  Keyboard.cpp
  Maths.cpp
  Matrix2.cpp
  Matrix3.cpp
  Matrix4.cpp
  MeshAnimation.cpp
  MeshGeometry.cpp
  MeshMaterial.cpp
C:\Users\Akeina\Desktop\Coursework\Common\MeshMaterial.cpp(48,44): warning C4267: 'initializing': conversion from 'size_t' to 'int', possible loss of data
  Mouse.cpp
  Plane.cpp
  Quaternion.cpp
  RendererBase.cpp
  ShaderBase.cpp
  SimpleFont.cpp
C:\Users\Akeina\Desktop\Coursework\Common\SimpleFont.cpp(85,20): warning C4244: 'initializing': conversion from 'double' to 'float', possible loss of data
C:\Users\Akeina\Desktop\Coursework\Common\SimpleFont.cpp(88,16): warning C4244: 'initializing': conversion from 'double' to 'float', possible loss of data
C:\Users\Akeina\Desktop\Coursework\Common\SimpleFont.cpp(90,17): warning C4244: 'initializing': conversion from 'double' to 'float', possible loss of data
  TextureBase.cpp
  TextureLoader.cpp
  TextureWriter.cpp
  Compiling...
  Vector2.cpp
  Vector3.cpp
  Vector4.cpp
  Win32Keyboard.cpp
  Win32Mouse.cpp
  Win32Window.cpp
  Window.cpp
  Common.vcxproj -> C:\Users\Akeina\Desktop\Coursework\x64\Release\Common.lib
