c:\users\akeina\desktop\coursework\common\x64\release\common.pdb
c:\users\akeina\desktop\coursework\common\x64\release\texturewriter.obj
c:\users\akeina\desktop\coursework\common\x64\release\textureloader.obj
c:\users\akeina\desktop\coursework\common\x64\release\texturebase.obj
c:\users\akeina\desktop\coursework\common\x64\release\simplefont.obj
c:\users\akeina\desktop\coursework\common\x64\release\shaderbase.obj
c:\users\akeina\desktop\coursework\common\x64\release\rendererbase.obj
c:\users\akeina\desktop\coursework\common\x64\release\quaternion.obj
c:\users\akeina\desktop\coursework\common\x64\release\plane.obj
c:\users\akeina\desktop\coursework\common\x64\release\mouse.obj
c:\users\akeina\desktop\coursework\common\x64\release\meshmaterial.obj
c:\users\akeina\desktop\coursework\common\x64\release\meshgeometry.obj
c:\users\akeina\desktop\coursework\common\x64\release\meshanimation.obj
c:\users\akeina\desktop\coursework\common\x64\release\matrix4.obj
c:\users\akeina\desktop\coursework\common\x64\release\matrix3.obj
c:\users\akeina\desktop\coursework\common\x64\release\matrix2.obj
c:\users\akeina\desktop\coursework\common\x64\release\maths.obj
c:\users\akeina\desktop\coursework\common\x64\release\keyboard.obj
c:\users\akeina\desktop\coursework\common\x64\release\gametimer.obj
c:\users\akeina\desktop\coursework\common\x64\release\camera.obj
c:\users\akeina\desktop\coursework\common\x64\release\assets.obj
c:\users\akeina\desktop\coursework\common\x64\release\window.obj
c:\users\akeina\desktop\coursework\common\x64\release\win32window.obj
c:\users\akeina\desktop\coursework\common\x64\release\win32mouse.obj
c:\users\akeina\desktop\coursework\common\x64\release\win32keyboard.obj
c:\users\akeina\desktop\coursework\common\x64\release\vector4.obj
c:\users\akeina\desktop\coursework\common\x64\release\vector3.obj
c:\users\akeina\desktop\coursework\common\x64\release\vector2.obj
c:\users\akeina\desktop\coursework\x64\release\common.lib
c:\users\akeina\desktop\coursework\common\x64\release\common.tlog\cl.command.1.tlog
c:\users\akeina\desktop\coursework\common\x64\release\common.tlog\cl.read.1.tlog
c:\users\akeina\desktop\coursework\common\x64\release\common.tlog\cl.write.1.tlog
c:\users\akeina\desktop\coursework\common\x64\release\common.tlog\lib-link.read.1.tlog
c:\users\akeina\desktop\coursework\common\x64\release\common.tlog\lib-link.write.1.tlog
c:\users\akeina\desktop\coursework\common\x64\release\common.tlog\lib.command.1.tlog
